0 info it worked if it ends with ok
1 verbose cli [ '/usr/local/bin/node',
1 verbose cli   '/usr/local/bin/npm',
1 verbose cli   'install',
1 verbose cli   '-g',
1 verbose cli   'hexo-cli' ]
2 info using npm@2.15.9
3 info using node@v4.5.0
4 verbose install initial load of /usr/local/lib/package.json
5 verbose readDependencies loading dependencies from /usr/local/lib/package.json
6 silly cache add args [ 'hexo-cli', null ]
7 verbose cache add spec hexo-cli
8 silly cache add parsed spec Result {
8 silly cache add   raw: 'hexo-cli',
8 silly cache add   scope: null,
8 silly cache add   name: 'hexo-cli',
8 silly cache add   rawSpec: '',
8 silly cache add   spec: 'latest',
8 silly cache add   type: 'tag' }
9 silly addNamed hexo-cli@latest
10 verbose addNamed "latest" is being treated as a dist-tag for hexo-cli
11 info addNameTag [ 'hexo-cli', 'latest' ]
12 silly mapToRegistry name hexo-cli
13 silly mapToRegistry using default registry
14 silly mapToRegistry registry https://registry.npm.taobao.org/
15 silly mapToRegistry data Result {
15 silly mapToRegistry   raw: 'hexo-cli',
15 silly mapToRegistry   scope: null,
15 silly mapToRegistry   name: 'hexo-cli',
15 silly mapToRegistry   rawSpec: '',
15 silly mapToRegistry   spec: 'latest',
15 silly mapToRegistry   type: 'tag' }
16 silly mapToRegistry uri https://registry.npm.taobao.org/hexo-cli
17 verbose addNameTag registry:https://registry.npm.taobao.org/hexo-cli not in flight; fetching
18 verbose request uri https://registry.npm.taobao.org/hexo-cli
19 verbose request no auth needed
20 info attempt registry request try #1 at 16:05:18
21 verbose request id ca46a588ed13a4df
22 verbose etag "8618-oHPql5KeBPoibTwenciPMAMTbFI"
23 http request GET https://registry.npm.taobao.org/hexo-cli
24 http 304 https://registry.npm.taobao.org/hexo-cli
25 verbose headers { date: 'Mon, 08 Jan 2018 08:05:19 GMT',
25 verbose headers   connection: 'keep-alive',
25 verbose headers   'x-current-requests': '1',
25 verbose headers   etag: '"8618-oHPql5KeBPoibTwenciPMAMTbFI"',
25 verbose headers   'x-readtime': '17' }
26 silly get cb [ 304,
26 silly get   { date: 'Mon, 08 Jan 2018 08:05:19 GMT',
26 silly get     connection: 'keep-alive',
26 silly get     'x-current-requests': '1',
26 silly get     etag: '"8618-oHPql5KeBPoibTwenciPMAMTbFI"',
26 silly get     'x-readtime': '17' } ]
27 verbose etag https://registry.npm.taobao.org/hexo-cli from cache
28 verbose get saving hexo-cli to /Users/zhangshujuan/.npm/registry.npm.taobao.org/hexo-cli/.cache.json
29 verbose correctMkdir /Users/zhangshujuan/.npm correctMkdir not in flight; initializing
30 silly addNameTag next cb for hexo-cli with tag latest
31 silly addNamed hexo-cli@1.0.4
32 verbose addNamed "1.0.4" is a plain semver version for hexo-cli
33 silly cache afterAdd hexo-cli@1.0.4
34 verbose afterAdd /Users/zhangshujuan/.npm/hexo-cli/1.0.4/package/package.json not in flight; writing
35 verbose correctMkdir /Users/zhangshujuan/.npm correctMkdir not in flight; initializing
36 verbose afterAdd /Users/zhangshujuan/.npm/hexo-cli/1.0.4/package/package.json written
37 silly install resolved [ { name: 'hexo-cli',
37 silly install resolved     version: '1.0.4',
37 silly install resolved     description: 'Command line interface for Hexo',
37 silly install resolved     main: 'lib/hexo',
37 silly install resolved     bin: { hexo: './bin/hexo' },
37 silly install resolved     scripts:
37 silly install resolved      { eslint: 'eslint .',
37 silly install resolved        jscs: 'jscs .',
37 silly install resolved        test: 'mocha test/index.js',
37 silly install resolved        'test-cov': 'istanbul cover --print both _mocha -- test/index.js' },
37 silly install resolved     directories: { lib: './lib', bin: './bin' },
37 silly install resolved     repository:
37 silly install resolved      { type: 'git',
37 silly install resolved        url: 'git+https://github.com/hexojs/hexo-cli.git' },
37 silly install resolved     homepage: 'https://hexo.io/',
37 silly install resolved     keywords: [ 'website', 'blog', 'cms', 'framework', 'hexo', 'cli' ],
37 silly install resolved     author:
37 silly install resolved      { name: 'Tommy Chen',
37 silly install resolved        email: 'tommy351@gmail.com',
37 silly install resolved        url: 'http://zespia.tw' },
37 silly install resolved     maintainers: [ [Object], [Object], [Object], [Object] ],
37 silly install resolved     license: 'MIT',
37 silly install resolved     dependencies:
37 silly install resolved      { abbrev: '^1.0.7',
37 silly install resolved        bluebird: '^3.4.0',
37 silly install resolved        chalk: '^1.1.3',
37 silly install resolved        'hexo-fs': '^0.2.0',
37 silly install resolved        'hexo-log': '^0.2.0',
37 silly install resolved        'hexo-util': '^0.6.0',
37 silly install resolved        minimist: '^1.2.0',
37 silly install resolved        'object-assign': '^4.1.0',
37 silly install resolved        tildify: '^1.2.0',
37 silly install resolved        'command-exists': '^1.2.0' },
37 silly install resolved     devDependencies:
37 silly install resolved      { chai: '^3.5.0',
37 silly install resolved        'chai-as-promised': '^5.3.0',
37 silly install resolved        eslint: '^2.12.0',
37 silly install resolved        'eslint-config-hexo': '^1.0.3',
37 silly install resolved        'hexo-renderer-marked': '^0.2.10',
37 silly install resolved        istanbul: '^0.4.3',
37 silly install resolved        jscs: '^3.0.4',
37 silly install resolved        'jscs-preset-hexo': '^1.0.1',
37 silly install resolved        mocha: '^2.5.3',
37 silly install resolved        proxyquire: '^1.7.9',
37 silly install resolved        rewire: '^2.5.1',
37 silly install resolved        sinon: '^1.17.4' },
37 silly install resolved     gitHead: '1ad51cbf2afd54e7d089ca46f2988ddb641a703e',
37 silly install resolved     bugs: { url: 'https://github.com/hexojs/hexo-cli/issues' },
37 silly install resolved     _id: 'hexo-cli@1.0.4',
37 silly install resolved     _npmVersion: '5.1.0',
37 silly install resolved     _nodeVersion: '8.8.1',
37 silly install resolved     _npmUser: { name: 'jlhwung', email: 'i@jhuang.me' },
37 silly install resolved     dist:
37 silly install resolved      { shasum: 'c8f1421ec24209d8ffc7bfeea496ab99f34191e1',
37 silly install resolved        size: 536273,
37 silly install resolved        noattachment: false,
37 silly install resolved        tarball: 'http://registry.npm.taobao.org/hexo-cli/download/hexo-cli-1.0.4.tgz' },
37 silly install resolved     _npmOperationalInternal:
37 silly install resolved      { host: 's3://npm-registry-packages',
37 silly install resolved        tmp: 'tmp/hexo-cli-1.0.4.tgz_1509243290649_0.6395134699996561' },
37 silly install resolved     publish_time: 1509243290791,
37 silly install resolved     _cnpm_publish_time: 1509243290791,
37 silly install resolved     _hasShrinkwrap: false,
37 silly install resolved     _shasum: 'c8f1421ec24209d8ffc7bfeea496ab99f34191e1',
37 silly install resolved     _resolved: 'https://registry.npm.taobao.org/hexo-cli/download/hexo-cli-1.0.4.tgz',
37 silly install resolved     _from: 'hexo-cli@latest',
37 silly install resolved     readme: 'ERROR: No README data found!' } ]
38 info install hexo-cli@1.0.4 into /usr/local/lib
39 info installOne hexo-cli@1.0.4
40 verbose installOne of hexo-cli to /usr/local/lib not in flight; installing
41 verbose correctMkdir /Users/zhangshujuan/.npm/_locks correctMkdir not in flight; initializing
42 verbose lock using /Users/zhangshujuan/.npm/_locks/hexo-cli-d89d95637eeaa0d8.lock for /usr/local/lib/node_modules/hexo-cli
43 silly install write writing hexo-cli 1.0.4 to /usr/local/lib/node_modules/hexo-cli
44 verbose unbuild lib/node_modules/hexo-cli
45 silly gentlyRm /usr/local/lib/node_modules/hexo-cli is being purged from base /usr/local
46 verbose gentlyRm don't care about contents; nuking /usr/local/lib/node_modules/hexo-cli
47 verbose tar unpack /Users/zhangshujuan/.npm/hexo-cli/1.0.4/package.tgz
48 verbose tar unpacking to /usr/local/lib/node_modules/hexo-cli
49 silly gentlyRm /usr/local/lib/node_modules/hexo-cli is being purged
50 verbose gentlyRm don't care about contents; nuking /usr/local/lib/node_modules/hexo-cli
51 silly gunzTarPerm modes [ '755', '644' ]
52 error tar.unpack untar error /Users/zhangshujuan/.npm/hexo-cli/1.0.4/package.tgz
53 verbose unlock done using /Users/zhangshujuan/.npm/_locks/hexo-cli-d89d95637eeaa0d8.lock for /usr/local/lib/node_modules/hexo-cli
54 verbose fstream_path /usr/local/lib/node_modules/hexo-cli
55 verbose fstream_type Directory
56 verbose fstream_class DirWriter
57 verbose stack Error: EACCES: permission denied, mkdir '/usr/local/lib/node_modules/hexo-cli'
57 verbose stack     at Error (native)
58 verbose fstream_stack /usr/local/lib/node_modules/npm/node_modules/fstream/lib/dir-writer.js:35:25
58 verbose fstream_stack /usr/local/lib/node_modules/npm/node_modules/mkdirp/index.js:47:53
58 verbose fstream_stack FSReqWrap.oncomplete (fs.js:82:15)
59 verbose cwd /Users/zhangshujuan/Documents/gitHub/zsj
60 error Darwin 15.5.0
61 error argv "/usr/local/bin/node" "/usr/local/bin/npm" "install" "-g" "hexo-cli"
62 error node v4.5.0
63 error npm  v2.15.9
64 error path /usr/local/lib/node_modules/hexo-cli
65 error code EACCES
66 error errno -13
67 error syscall mkdir
68 error Error: EACCES: permission denied, mkdir '/usr/local/lib/node_modules/hexo-cli'
68 error     at Error (native)
68 error  { [Error: EACCES: permission denied, mkdir '/usr/local/lib/node_modules/hexo-cli']
68 error   errno: -13,
68 error   code: 'EACCES',
68 error   syscall: 'mkdir',
68 error   path: '/usr/local/lib/node_modules/hexo-cli',
68 error   fstream_type: 'Directory',
68 error   fstream_path: '/usr/local/lib/node_modules/hexo-cli',
68 error   fstream_class: 'DirWriter',
68 error   fstream_stack:
68 error    [ '/usr/local/lib/node_modules/npm/node_modules/fstream/lib/dir-writer.js:35:25',
68 error      '/usr/local/lib/node_modules/npm/node_modules/mkdirp/index.js:47:53',
68 error      'FSReqWrap.oncomplete (fs.js:82:15)' ] }
69 error Please try running this command again as root/Administrator.
70 verbose exit [ -13, true ]
71 verbose unbuild lib/node_modules/hexo-cli
72 silly gentlyRm /usr/local/lib/node_modules/hexo-cli is being purged from base /usr/local
73 verbose gentlyRm don't care about contents; nuking /usr/local/lib/node_modules/hexo-cli
